# JRE version: OpenJDK Runtime Environment (8.0_03-b03) (build 1.8.0_03-Ubuntu-8u77-b03-3ubuntu3-b03)
# Java VM: OpenJDK 64-Bit Server VM (25.03-b03 mixed mode linux-amd64 compressed oops)
Heap:
 PSYoungGen      total 65536K, used 11091K [0x00000000f5900000, 0x00000000fa500000, 0x0000000100000000)
  eden space 60928K, 10% used [0x00000000f5900000,0x00000000f5f67d38,0x00000000f9480000)
  from space 4608K, 98% used [0x00000000f9b00000,0x00000000f9f6d060,0x00000000f9f80000)
  to   space 5632K, 0% used [0x00000000f9f80000,0x00000000f9f80000,0x00000000fa500000)
 ParOldGen       total 32768K, used 11582K [0x00000000e0a00000, 0x00000000e2a00000, 0x00000000f5900000)
  object space 32768K, 35% used [0x00000000e0a00000,0x00000000e154fbd8,0x00000000e2a00000)
 Metaspace       used 28272K, capacity 28804K, committed 29184K, reserved 1075200K
  class space    used 3599K, capacity 3768K, committed 3840K, reserved 1048576K
GC Heap History (10 events):
Event: 1.204 GC heap before
{Heap before GC invocations=4 (full 0):
 PSYoungGen      total 18432K, used 18416K [0x00000000f5900000, 0x00000000f7d00000, 0x0000000100000000)
  eden space 17408K, 100% used [0x00000000f5900000,0x00000000f6a00000,0x00000000f6a00000)
  from space 1024K, 98% used [0x00000000f6a00000,0x00000000f6afc010,0x00000000f6b00000)
  to   space 1024K, 0% used [0x00000000f7c00000,0x00000000f7c00000,0x00000000f7d00000)
 ParOldGen       total 22016K, used 7026K [0x00000000e0a00000, 0x00000000e1f80000, 0x00000000f5900000)
  object space 22016K, 31% used [0x00000000e0a00000,0x00000000e10dca00,0x00000000e1f80000)
 Metaspace       used 17160K, capacity 17514K, committed 17664K, reserved 1064960K
  class space    used 2090K, capacity 2227K, committed 2304K, reserved 1048576K
Event: 1.210 GC heap after
Heap after GC invocations=4 (full 0):
 PSYoungGen      total 35840K, used 992K [0x00000000f5900000, 0x00000000f7d00000, 0x0000000100000000)
  eden space 34816K, 0% used [0x00000000f5900000,0x00000000f5900000,0x00000000f7b00000)
  from space 1024K, 96% used [0x00000000f7c00000,0x00000000f7cf8020,0x00000000f7d00000)
  to   space 1024K, 0% used [0x00000000f7b00000,0x00000000f7b00000,0x00000000f7c00000)
 ParOldGen       total 22016K, used 10783K [0x00000000e0a00000, 0x00000000e1f80000, 0x00000000f5900000)
  object space 22016K, 48% used [0x00000000e0a00000,0x00000000e1487ea0,0x00000000e1f80000)
 Metaspace       used 17160K, capacity 17514K, committed 17664K, reserved 1064960K
  class space    used 2090K, capacity 2227K, committed 2304K, reserved 1048576K
}
Event: 1.736 GC heap before
{Heap before GC invocations=5 (full 0):
 PSYoungGen      total 35840K, used 29339K [0x00000000f5900000, 0x00000000f7d00000, 0x0000000100000000)
  eden space 34816K, 81% used [0x00000000f5900000,0x00000000f74aece8,0x00000000f7b00000)
  from space 1024K, 96% used [0x00000000f7c00000,0x00000000f7cf8020,0x00000000f7d00000)
  to   space 1024K, 0% used [0x00000000f7b00000,0x00000000f7b00000,0x00000000f7c00000)
 ParOldGen       total 22016K, used 10783K [0x00000000e0a00000, 0x00000000e1f80000, 0x00000000f5900000)
  object space 22016K, 48% used [0x00000000e0a00000,0x00000000e1487ea0,0x00000000e1f80000)
 Metaspace       used 20791K, capacity 21182K, committed 21296K, reserved 1069056K
  class space    used 2554K, capacity 2663K, committed 2688K, reserved 1048576K
Event: 1.751 GC heap after
Heap after GC invocations=5 (full 0):
 PSYoungGen      total 35840K, used 1008K [0x00000000f5900000, 0x00000000fac00000, 0x0000000100000000)
  eden space 34816K, 0% used [0x00000000f5900000,0x00000000f5900000,0x00000000f7b00000)
  from space 1024K, 98% used [0x00000000f7b00000,0x00000000f7bfc010,0x00000000f7c00000)
  to   space 7680K, 0% used [0x00000000fa480000,0x00000000fa480000,0x00000000fac00000)
 ParOldGen       total 22016K, used 16311K [0x00000000e0a00000, 0x00000000e1f80000, 0x00000000f5900000)
  object space 22016K, 74% used [0x00000000e0a00000,0x00000000e19ede30,0x00000000e1f80000)
 Metaspace       used 20791K, capacity 21182K, committed 21296K, reserved 1069056K
  class space    used 2554K, capacity 2663K, committed 2688K, reserved 1048576K
}
Event: 1.751 GC heap before
{Heap before GC invocations=6 (full 1):
 PSYoungGen      total 35840K, used 1008K [0x00000000f5900000, 0x00000000fac00000, 0x0000000100000000)
  eden space 34816K, 0% used [0x00000000f5900000,0x00000000f5900000,0x00000000f7b00000)
  from space 1024K, 98% used [0x00000000f7b00000,0x00000000f7bfc010,0x00000000f7c00000)
  to   space 7680K, 0% used [0x00000000fa480000,0x00000000fa480000,0x00000000fac00000)
 ParOldGen       total 22016K, used 16311K [0x00000000e0a00000, 0x00000000e1f80000, 0x00000000f5900000)
  object space 22016K, 74% used [0x00000000e0a00000,0x00000000e19ede30,0x00000000e1f80000)
 Metaspace       used 20791K, capacity 21182K, committed 21296K, reserved 1069056K
  class space    used 2554K, capacity 2663K, committed 2688K, reserved 1048576K
Event: 1.807 GC heap after
Heap after GC invocations=6 (full 1):
 PSYoungGen      total 35840K, used 0K [0x00000000f5900000, 0x00000000fac00000, 0x0000000100000000)
  eden space 34816K, 0% used [0x00000000f5900000,0x00000000f5900000,0x00000000f7b00000)
  from space 1024K, 0% used [0x00000000f7b00000,0x00000000f7b00000,0x00000000f7c00000)
  to   space 7680K, 0% used [0x00000000fa480000,0x00000000fa480000,0x00000000fac00000)
 ParOldGen       total 32768K, used 11566K [0x00000000e0a00000, 0x00000000e2a00000, 0x00000000f5900000)
  object space 32768K, 35% used [0x00000000e0a00000,0x00000000e154bbd8,0x00000000e2a00000)
 Metaspace       used 20791K, capacity 21182K, committed 21296K, reserved 1069056K
  class space    used 2554K, capacity 2663K, committed 2688K, reserved 1048576K
}
Event: 2.466 GC heap before
{Heap before GC invocations=7 (full 1):
 PSYoungGen      total 35840K, used 34816K [0x00000000f5900000, 0x00000000fac00000, 0x0000000100000000)
  eden space 34816K, 100% used [0x00000000f5900000,0x00000000f7b00000,0x00000000f7b00000)
  from space 1024K, 0% used [0x00000000f7b00000,0x00000000f7b00000,0x00000000f7c00000)
  to   space 7680K, 0% used [0x00000000fa480000,0x00000000fa480000,0x00000000fac00000)
 ParOldGen       total 32768K, used 11566K [0x00000000e0a00000, 0x00000000e2a00000, 0x00000000f5900000)
  object space 32768K, 35% used [0x00000000e0a00000,0x00000000e154bbd8,0x00000000e2a00000)
 Metaspace       used 25941K, capacity 26430K, committed 26752K, reserved 1073152K
  class space    used 3296K, capacity 3425K, committed 3456K, reserved 1048576K
Event: 2.472 GC heap after
Heap after GC invocations=7 (full 1):
 PSYoungGen      total 53760K, used 6308K [0x00000000f5900000, 0x00000000fab00000, 0x0000000100000000)
  eden space 47104K, 0% used [0x00000000f5900000,0x00000000f5900000,0x00000000f8700000)
  from space 6656K, 94% used [0x00000000fa480000,0x00000000faaa9308,0x00000000fab00000)
  to   space 8192K, 0% used [0x00000000f9b00000,0x00000000f9b00000,0x00000000fa300000)
 ParOldGen       total 32768K, used 11574K [0x00000000e0a00000, 0x00000000e2a00000, 0x00000000f5900000)
  object space 32768K, 35% used [0x00000000e0a00000,0x00000000e154dbd8,0x00000000e2a00000)
 Metaspace       used 25941K, capacity 26430K, committed 26752K, reserved 1073152K
  class space    used 3296K, capacity 3425K, committed 3456K, reserved 1048576K
}
Event: 2664.110 GC heap before
{Heap before GC invocations=8 (full 1):
 PSYoungGen      total 53760K, used 53412K [0x00000000f5900000, 0x00000000fab00000, 0x0000000100000000)
  eden space 47104K, 100% used [0x00000000f5900000,0x00000000f8700000,0x00000000f8700000)
  from space 6656K, 94% used [0x00000000fa480000,0x00000000faaa9308,0x00000000fab00000)
  to   space 8192K, 0% used [0x00000000f9b00000,0x00000000f9b00000,0x00000000fa300000)
 ParOldGen       total 32768K, used 11574K [0x00000000e0a00000, 0x00000000e2a00000, 0x00000000f5900000)
  object space 32768K, 35% used [0x00000000e0a00000,0x00000000e154dbd8,0x00000000e2a00000)
 Metaspace       used 28259K, capacity 28772K, committed 29184K, reserved 1075200K
  class space    used 3597K, capacity 3736K, committed 3840K, reserved 1048576K
Event: 2664.209 GC heap after
Heap after GC invocations=8 (full 1):
 PSYoungGen      total 65536K, used 4532K [0x00000000f5900000, 0x00000000fa500000, 0x0000000100000000)
  eden space 60928K, 0% used [0x00000000f5900000,0x00000000f5900000,0x00000000f9480000)
  from space 4608K, 98% used [0x00000000f9b00000,0x00000000f9f6d060,0x00000000f9f80000)
  to   space 5632K, 0% used [0x00000000f9f80000,0x00000000f9f80000,0x00000000fa500000)
 ParOldGen       total 32768K, used 11582K [0x00000000e0a00000, 0x00000000e2a00000, 0x00000000f5900000)
  object space 32768K, 35% used [0x00000000e0a00000,0x00000000e154fbd8,0x00000000e2a00000)
 Metaspace       used 28259K, capacity 28772K, committed 29184K, reserved 1075200K
  class space    used 3597K, capacity 3736K, committed 3840K, reserved 1048576K
}

